<?xml version="1.0" encoding="UTF-8"?>
<!-- Generated by org.testng.reporters.JUnitXMLReporter -->
<testsuite ignored="0" hostname="LAPTOP-DCSLAHO4" failures="0" tests="4" name="Test" time="14.718" errors="0" timestamp="2023-08-31T19:23:33 IST">
  <testcase classname="testClasses.myntra" name="Testcase1" time="6.062"/>
  <testcase classname="testClasses.amazon" name="Testcase1" time="1.991"/>
  <testcase classname="testClasses.flipcart" name="Testcase1" time="2.498"/>
  <testcase classname="testClasses.Ajio" name="Testcase1" time="4.107"/>
</testsuite> <!-- Test -->
